\BOOKMARK [1][-]{section.1}{\376\377\000L\000e\000g\000e\000n\000d}{}% 1
\BOOKMARK [1][-]{section.2}{\376\377\000G\000l\000o\000s\000s\000a\000r\000y}{}% 2
\BOOKMARK [1][-]{section.3}{\376\377\000I\000n\000t\000r\000o\000d\000u\000c\000t\000i\000o\000n}{}% 3
\BOOKMARK [1][-]{section.4}{\376\377\000S\000i\000g\000n\000\040\000U\000p}{}% 4
\BOOKMARK [1][-]{section.5}{\376\377\000L\000o\000g\000i\000n}{}% 5
\BOOKMARK [1][-]{section.6}{\376\377\000F\000o\000r\000g\000o\000t\000\040\000P\000a\000s\000s\000w\000o\000r\000d}{}% 6
\BOOKMARK [1][-]{section.7}{\376\377\000M\000a\000n\000a\000g\000e\000\040\000F\000a\000r\000m}{}% 7
\BOOKMARK [1][-]{section.8}{\376\377\000U\000n\000i\000t}{}% 8
\BOOKMARK [2][-]{subsection.8.1}{\376\377\000V\000i\000e\000w\000\040\000U\000n\000i\000t\000\040\000L\000i\000s\000t}{section.8}% 9
\BOOKMARK [2][-]{subsection.8.2}{\376\377\000A\000r\000c\000h\000i\000v\000e\000\040\000R\000e\000c\000o\000r\000d\000s}{section.8}% 10
\BOOKMARK [2][-]{subsection.8.3}{\376\377\000C\000r\000e\000a\000t\000e\000\040\000n\000e\000w\000\040\000U\000n\000i\000t}{section.8}% 11
\BOOKMARK [2][-]{subsection.8.4}{\376\377\000E\000d\000i\000t\000\040\000U\000n\000i\000t}{section.8}% 12
\BOOKMARK [2][-]{subsection.8.5}{\376\377\000D\000e\000l\000e\000t\000e\000\040\000U\000n\000i\000t}{section.8}% 13
\BOOKMARK [1][-]{section.9}{\376\377\000I\000n\000v\000i\000t\000a\000t\000i\000o\000n}{}% 14
\BOOKMARK [2][-]{subsection.9.1}{\376\377\000V\000i\000e\000w\000\040\000I\000n\000v\000i\000t\000a\000t\000i\000o\000n\000s\000\040\000L\000i\000s\000t}{section.9}% 15
\BOOKMARK [2][-]{subsection.9.2}{\376\377\000I\000n\000v\000i\000t\000e\000\040\000U\000s\000e\000r}{section.9}% 16
\BOOKMARK [2][-]{subsection.9.3}{\376\377\000R\000e\000s\000e\000n\000d\000\040\000I\000n\000v\000i\000t\000a\000t\000i\000o\000n}{section.9}% 17
\BOOKMARK [2][-]{subsection.9.4}{\376\377\000R\000e\000m\000o\000v\000e\000\040\000I\000n\000v\000i\000t\000a\000t\000i\000o\000n}{section.9}% 18
\BOOKMARK [1][-]{section.10}{\376\377\000U\000s\000e\000r\000s}{}% 19
\BOOKMARK [2][-]{subsection.10.1}{\376\377\000V\000i\000e\000w\000\040\000U\000s\000e\000r\000s\000\040\000L\000i\000s\000t}{section.10}% 20
\BOOKMARK [2][-]{subsection.10.2}{\376\377\000E\000d\000i\000t\000\040\000U\000s\000e\000r}{section.10}% 21
\BOOKMARK [2][-]{subsection.10.3}{\376\377\000D\000e\000a\000c\000t\000i\000v\000a\000t\000e\000/\000A\000c\000t\000i\000v\000a\000t\000e\000\040\000U\000s\000e\000r\000'\000s\000\040\000A\000c\000c\000o\000u\000n\000t}{section.10}% 22
\BOOKMARK [2][-]{subsection.10.4}{\376\377\000D\000e\000l\000e\000t\000e\000\040\000U\000s\000e\000r}{section.10}% 23
\BOOKMARK [1][-]{section.11}{\376\377\000S\000e\000t\000t\000i\000n\000g\000s}{}% 24
\BOOKMARK [2][-]{subsection.11.1}{\376\377\000C\000h\000a\000n\000g\000e\000\040\000P\000a\000s\000s\000w\000o\000r\000d}{section.11}% 25
\BOOKMARK [1][-]{section.12}{\376\377\000N\000u\000t\000r\000i\000e\000n\000t\000\040\000G\000r\000o\000u\000p\000s}{}% 26
\BOOKMARK [2][-]{subsection.12.1}{\376\377\000V\000i\000e\000w\000\040\000N\000u\000t\000r\000i\000e\000n\000t\000\040\000G\000r\000o\000u\000p\000\040\000L\000i\000s\000t}{section.12}% 27
\BOOKMARK [2][-]{subsection.12.2}{\376\377\000A\000r\000c\000h\000i\000v\000e\000\040\000R\000e\000c\000o\000r\000d\000s}{section.12}% 28
\BOOKMARK [2][-]{subsection.12.3}{\376\377\000C\000r\000e\000a\000t\000e\000\040\000n\000e\000w\000\040\000N\000u\000t\000r\000i\000e\000n\000t\000\040\000G\000r\000o\000u\000p}{section.12}% 29
\BOOKMARK [2][-]{subsection.12.4}{\376\377\000E\000d\000i\000t\000\040\000N\000u\000t\000r\000i\000e\000n\000t\000\040\000G\000r\000o\000u\000p}{section.12}% 30
\BOOKMARK [2][-]{subsection.12.5}{\376\377\000D\000e\000l\000e\000t\000e\000\040\000N\000u\000t\000r\000i\000e\000n\000t\000\040\000G\000r\000o\000u\000p}{section.12}% 31
\BOOKMARK [1][-]{section.13}{\376\377\000N\000u\000t\000r\000i\000e\000n\000t\000s}{}% 32
\BOOKMARK [1][-]{section.14}{\376\377\000I\000n\000g\000r\000e\000d\000i\000e\000n\000t\000\040\000G\000r\000o\000u\000p\000s}{}% 33
\BOOKMARK [1][-]{section.15}{\376\377\000I\000n\000g\000r\000e\000d\000i\000e\000n\000t\000s}{}% 34
\BOOKMARK [1][-]{section.16}{\376\377\000R\000e\000q\000u\000i\000r\000e\000m\000e\000n\000t}{}% 35
\BOOKMARK [1][-]{section.17}{\376\377\000R\000a\000t\000i\000o\000n\000\040\000F\000o\000r\000m\000u\000l\000a\000t\000i\000o\000n}{}% 36
\BOOKMARK [1][-]{section.18}{\376\377\000C\000o\000n\000t\000a\000c\000t\000\040\000I\000n\000f\000o}{}% 37
\BOOKMARK [1][-]{section.19}{\376\377\000R\000e\000f\000e\000r\000e\000n\000c\000e}{}% 38
