This is pdfTeX, Version 3.14159265-2.6-1.40.20 (TeX Live 2019/Debian) (preloaded format=pdflatex 2022.2.3)  15 MAY 2023 16:31
entering extended mode
 restricted \write18 enabled.
 %&-line parsing enabled.
**project_report_15_may_23.tex
(./project_report_15_may_23.tex
LaTeX2e <2020-02-02> patch level 2
L3 programming layer <2020-02-14>
(/usr/share/texlive/texmf-dist/tex/latex/extsizes/extarticle.cls
Document Class: extarticle 1996/10/08 v1.0 Non Standard LaTeX document class
(/usr/share/texlive/texmf-dist/tex/latex/base/size12.clo
File: size12.clo 2019/12/20 v1.4l Standard LaTeX file (size option)
)
(/usr/share/texlive/texmf-dist/tex/latex/base/exscale.sty
Package: exscale 2018/09/24 v2.1i Standard LaTeX package exscale
LaTeX Font Info:    Redeclaring symbol font `largesymbols' on input line 57.
LaTeX Font Info:    Overwriting symbol font `largesymbols' in version `normal'
(Font)                  OMX/cmex/m/n --> OMX/cmex/m/n on input line 57.
LaTeX Font Info:    Overwriting symbol font `largesymbols' in version `bold'
(Font)                  OMX/cmex/m/n --> OMX/cmex/m/n on input line 57.
\big@size=\dimen134
)
\c@part=\count167
\c@section=\count168
\c@subsection=\count169
\c@subsubsection=\count170
\c@paragraph=\count171
\c@subparagraph=\count172
\c@figure=\count173
\c@table=\count174
\abovecaptionskip=\skip47
\belowcaptionskip=\skip48
\bibindent=\dimen135
)
(/usr/share/texlive/texmf-dist/tex/latex/base/inputenc.sty
Package: inputenc 2018/08/11 v1.3c Input encoding file
\inpenc@prehook=\toks14
\inpenc@posthook=\toks15
)
(/usr/share/texlive/texmf-dist/tex/latex/cite/cite.sty
LaTeX Info: Redefining \cite on input line 302.
LaTeX Info: Redefining \nocite on input line 332.
Package: cite 2015/02/27  v 5.5
)
(/usr/share/texlive/texmf-dist/tex/latex/graphics/graphicx.sty
Package: graphicx 2019/11/30 v1.2a Enhanced LaTeX Graphics (DPC,SPQR)

(/usr/share/texlive/texmf-dist/tex/latex/graphics/keyval.sty
Package: keyval 2014/10/28 v1.15 key=value parser (DPC)
\KV@toks@=\toks16
)
(/usr/share/texlive/texmf-dist/tex/latex/graphics/graphics.sty
Package: graphics 2019/11/30 v1.4a Standard LaTeX Graphics (DPC,SPQR)

(/usr/share/texlive/texmf-dist/tex/latex/graphics/trig.sty
Package: trig 2016/01/03 v1.10 sin cos tan (DPC)
)
(/usr/share/texlive/texmf-dist/tex/latex/graphics-cfg/graphics.cfg
File: graphics.cfg 2016/06/04 v1.11 sample graphics configuration
)
Package graphics Info: Driver file: pdftex.def on input line 105.

(/usr/share/texlive/texmf-dist/tex/latex/graphics-def/pdftex.def
File: pdftex.def 2018/01/08 v1.0l Graphics/color driver for pdftex
))
\Gin@req@height=\dimen136
\Gin@req@width=\dimen137
)
(/usr/share/texlive/texmf-dist/tex/latex/pdfpages/pdfpages.sty
Package: pdfpages 2020/01/28 v0.5q Insert pages of external PDF documents (AM)

(/usr/share/texlive/texmf-dist/tex/latex/base/ifthen.sty
Package: ifthen 2014/09/29 v1.1c Standard LaTeX ifthen package (DPC)
)
(/usr/share/texlive/texmf-dist/tex/latex/tools/calc.sty
Package: calc 2017/05/25 v4.3 Infix arithmetic (KKT,FJ)
\calc@Acount=\count175
\calc@Bcount=\count176
\calc@Adimen=\dimen138
\calc@Bdimen=\dimen139
\calc@Askip=\skip49
\calc@Bskip=\skip50
LaTeX Info: Redefining \setlength on input line 80.
LaTeX Info: Redefining \addtolength on input line 81.
\calc@Ccount=\count177
\calc@Cskip=\skip51
)
(/usr/share/texlive/texmf-dist/tex/latex/eso-pic/eso-pic.sty
Package: eso-pic 2018/04/12 v2.0h eso-pic (RN)

(/usr/share/texlive/texmf-dist/tex/generic/atbegshi/atbegshi.sty
Package: atbegshi 2019/12/05 v1.19 At begin shipout hook (HO)

(/usr/share/texlive/texmf-dist/tex/generic/infwarerr/infwarerr.sty
Package: infwarerr 2019/12/03 v1.5 Providing info/warning/error messages (HO)
)
(/usr/share/texlive/texmf-dist/tex/generic/ltxcmds/ltxcmds.sty
Package: ltxcmds 2019/12/15 v1.24 LaTeX kernel commands for general use (HO)
)
(/usr/share/texlive/texmf-dist/tex/generic/iftex/iftex.sty
Package: iftex 2019/11/07 v1.0c TeX engine tests
))
(/usr/share/texlive/texmf-dist/tex/latex/xcolor/xcolor.sty
Package: xcolor 2016/05/11 v2.12 LaTeX color extensions (UK)

(/usr/share/texlive/texmf-dist/tex/latex/graphics-cfg/color.cfg
File: color.cfg 2016/01/02 v1.6 sample color configuration
)
Package xcolor Info: Driver file: pdftex.def on input line 225.
Package xcolor Info: Model `cmy' substituted by `cmy0' on input line 1348.
Package xcolor Info: Model `hsb' substituted by `rgb' on input line 1352.
Package xcolor Info: Model `RGB' extended on input line 1364.
Package xcolor Info: Model `HTML' substituted by `rgb' on input line 1366.
Package xcolor Info: Model `Hsb' substituted by `hsb' on input line 1367.
Package xcolor Info: Model `tHsb' substituted by `hsb' on input line 1368.
Package xcolor Info: Model `HSB' substituted by `hsb' on input line 1369.
Package xcolor Info: Model `Gray' substituted by `gray' on input line 1370.
Package xcolor Info: Model `wave' substituted by `hsb' on input line 1371.
))
\AM@pagewidth=\dimen140
\AM@pageheight=\dimen141

(/usr/share/texlive/texmf-dist/tex/latex/pdfpages/pppdftex.def
File: pppdftex.def 2020/01/28 v0.5q Pdfpages driver for pdfTeX (AM)
)
\AM@pagebox=\box45
\AM@global@opts=\toks17
\AM@pagecnt=\count178
\AM@toc@title=\toks18
\c@AM@survey=\count179
\AM@templatesizebox=\box46
)
(/usr/share/texlive/texmf-dist/tex/latex/l3backend/l3backend-pdfmode.def
File: l3backend-pdfmode.def 2020-02-03 L3 backend support: PDF mode
\l__kernel_color_stack_int=\count180
\l__pdf_internal_box=\box47
)
(./project_report_15_may_23.aux)
\openout1 = `project_report_15_may_23.aux'.

LaTeX Font Info:    Checking defaults for OML/cmm/m/it on input line 15.
LaTeX Font Info:    ... okay on input line 15.
LaTeX Font Info:    Checking defaults for OMS/cmsy/m/n on input line 15.
LaTeX Font Info:    ... okay on input line 15.
LaTeX Font Info:    Checking defaults for OT1/cmr/m/n on input line 15.
LaTeX Font Info:    ... okay on input line 15.
LaTeX Font Info:    Checking defaults for T1/cmr/m/n on input line 15.
LaTeX Font Info:    ... okay on input line 15.
LaTeX Font Info:    Checking defaults for TS1/cmr/m/n on input line 15.
LaTeX Font Info:    ... okay on input line 15.
LaTeX Font Info:    Checking defaults for OMX/cmex/m/n on input line 15.
LaTeX Font Info:    ... okay on input line 15.
LaTeX Font Info:    Checking defaults for U/cmr/m/n on input line 15.
LaTeX Font Info:    ... okay on input line 15.

(/usr/share/texlive/texmf-dist/tex/context/base/mkii/supp-pdf.mkii
[Loading MPS to PDF converter (version 2006.09.02).]
\scratchcounter=\count181
\scratchdimen=\dimen142
\scratchbox=\box48
\nofMPsegments=\count182
\nofMParguments=\count183
\everyMPshowfont=\toks19
\MPscratchCnt=\count184
\MPscratchDim=\dimen143
\MPnumerator=\count185
\makeMPintoPDFobject=\count186
\everyMPtoPDFconversion=\toks20
) (/usr/share/texlive/texmf-dist/tex/latex/epstopdf-pkg/epstopdf-base.sty
Package: epstopdf-base 2020-01-24 v2.11 Base part for package epstopdf
Package epstopdf-base Info: Redefining graphics rule for `.eps' on input line 4
85.

(/usr/share/texlive/texmf-dist/tex/latex/latexconfig/epstopdf-sys.cfg
File: epstopdf-sys.cfg 2010/07/13 v1.3 Configuration of (r)epstopdf for TeX Liv
e
))
\AtBeginShipoutBox=\box49

(/usr/share/texlive/texmf-dist/tex/latex/pdflscape/pdflscape.sty
Package: pdflscape 2019/12/05 v0.12 Display of landscape pages in PDF (HO)

(/usr/share/texlive/texmf-dist/tex/latex/graphics/lscape.sty
Package: lscape 2000/10/22 v3.01 Landscape Pages (DPC)
)
Package pdflscape Info: Auto-detected driver: pdftex on input line 81.
) [1

{/var/lib/texmf/fonts/map/pdftex/updmap/pdftex.map}] (./project_report_15_may_2
3.toc
LaTeX Font Info:    External font `cmex7' loaded for size
(Font)              <6> on input line 2.
)
\tf@toc=\write3
\openout3 = `project_report_15_may_23.toc'.


[1]
Overfull \hbox (44.33856pt too wide) in paragraph at lines 53--64
 [] 
 []


Overfull \hbox (56.33855pt too wide) in paragraph at lines 69--78
 [] 
 []

[1]
Overfull \hbox (44.33856pt too wide) in paragraph at lines 87--98
 [] 
 []


Underfull \hbox (badness 10000) in paragraph at lines 107--108
[]\OT1/cmr/m/n/12 90%
 []


Overfull \hbox (56.33855pt too wide) in paragraph at lines 103--112
 [] 
 []


Overfull \hbox (44.33856pt too wide) in paragraph at lines 121--132
 [] 
 []

[2]
Underfull \hbox (badness 10000) in paragraph at lines 141--142
[]\OT1/cmr/m/n/12 90%
 []


Overfull \hbox (56.33855pt too wide) in paragraph at lines 137--146
 [] 
 []

[3]
<2.png, id=21, 1927.2pt x 1084.05pt>
File: 2.png Graphic file (type png)
<use 2.png>
Package pdftex.def Info: 2.png  used on input line 183.
(pdftex.def)             Requested size: 569.05511pt x 320.08972pt.

Overfull \hbox (96.30794pt too wide) in paragraph at lines 181--184
 []|  [] 
 []

<1.png, id=23, 1927.2pt x 1084.05pt>
File: 1.png Graphic file (type png)
<use 1.png>
Package pdftex.def Info: 1.png  used on input line 192.
(pdftex.def)             Requested size: 569.05511pt x 320.08972pt.

Overfull \hbox (96.30794pt too wide) in paragraph at lines 190--193
 []|  [] 
 []

[4]

Package pdfpages Warning: Option `page' is unknow to \includepdf.
(pdfpages)                Did you mean `pages'? (Note the `s'!)
(pdfpages)                OK, I'll proceed as if it were `pages'.

<feed_screen.pdf, id=27, 1195.5867pt x 845.07718pt>
File: feed_screen.pdf Graphic file (type pdf)
<use feed_screen.pdf>
Package pdftex.def Info: feed_screen.pdf  used on input line 197.
(pdftex.def)             Requested size: 1195.58379pt x 845.07512pt.
File: feed_screen.pdf Graphic file (type pdf)
<use feed_screen.pdf>
Package pdftex.def Info: feed_screen.pdf  used on input line 197.
(pdftex.def)             Requested size: 1195.58379pt x 845.07512pt.
<feed_screen.pdf, id=30, page=1, 1195.5867pt x 845.07718pt>
File: feed_screen.pdf Graphic file (type pdf)
<use feed_screen.pdf, page 1>
Package pdftex.def Info: feed_screen.pdf , page1 used on input line 197.
(pdftex.def)             Requested size: 1195.58379pt x 845.07512pt.
File: feed_screen.pdf Graphic file (type pdf)
<use feed_screen.pdf, page 1>
Package pdftex.def Info: feed_screen.pdf , page1 used on input line 197.
(pdftex.def)             Requested size: 614.59384pt x 434.41368pt.
File: feed_screen.pdf Graphic file (type pdf)
<use feed_screen.pdf, page 1>
Package pdftex.def Info: feed_screen.pdf , page1 used on input line 197.
(pdftex.def)             Requested size: 614.59384pt x 434.41368pt.
File: feed_screen.pdf Graphic file (type pdf)
<use feed_screen.pdf, page 1>
Package pdftex.def Info: feed_screen.pdf , page1 used on input line 197.
(pdftex.def)             Requested size: 614.59384pt x 434.41368pt.
File: feed_screen.pdf Graphic file (type pdf)
<use feed_screen.pdf, page 1>
Package pdftex.def Info: feed_screen.pdf , page1 used on input line 197.
(pdftex.def)             Requested size: 614.59384pt x 434.41368pt.
[5 <./feed_screen.pdf>]
<feed_screen.pdf, id=55, page=2, 1195.5867pt x 845.07718pt>
File: feed_screen.pdf Graphic file (type pdf)
<use feed_screen.pdf, page 2>
Package pdftex.def Info: feed_screen.pdf , page2 used on input line 197.
(pdftex.def)             Requested size: 614.59384pt x 434.41368pt.
File: feed_screen.pdf Graphic file (type pdf)
<use feed_screen.pdf, page 2>
Package pdftex.def Info: feed_screen.pdf , page2 used on input line 197.
(pdftex.def)             Requested size: 614.59384pt x 434.41368pt.
File: feed_screen.pdf Graphic file (type pdf)
<use feed_screen.pdf, page 2>
Package pdftex.def Info: feed_screen.pdf , page2 used on input line 197.
(pdftex.def)             Requested size: 614.59384pt x 434.41368pt.
 [6 <./feed_screen.pdf>] [7 <./2.png>] [8 <./1.png>]
(./project_report_15_may_23.aux) ) 
Here is how much of TeX's memory you used:
 2877 strings out of 481239
 43768 string characters out of 5920378
 285526 words of memory out of 5000000
 18114 multiletter control sequences out of 15000+600000
 537603 words of font info for 42 fonts, out of 8000000 for 9000
 1141 hyphenation exceptions out of 8191
 40i,18n,46p,334b,431s stack positions out of 5000i,500n,10000p,200000b,80000s
{/usr/share/texmf/fonts/enc/dvips/cm-super/cm
-super-ts1.enc}</usr/share/texlive/texmf-dist/fonts/type1/public/amsfonts/cm/cm
bx12.pfb></usr/share/texlive/texmf-dist/fonts/type1/public/amsfonts/cm/cmr12.pf
b></usr/share/texmf/fonts/type1/public/cm-super/sfrm1200.pfb>
Output written on project_report_15_may_23.pdf (10 pages, 487407 bytes).
PDF statistics:
 86 PDF objects out of 1000 (max. 8388607)
 48 compressed objects within 1 object stream
 0 named destinations out of 1000 (max. 500000)
 36 words of extra memory for PDF output out of 10000 (max. 10000000)

